node:internal/modules/cjs/loader:1401
  const err = new Error(message);
              ^

Error: Cannot find module 'ajv/dist/compile/codegen'
Require stack:
- /app/frontend/node_modules/ajv-keywords/dist/definitions/typeof.js
- /app/frontend/node_modules/ajv-keywords/dist/keywords/typeof.js
- /app/frontend/node_modules/ajv-keywords/dist/keywords/index.js
- /app/frontend/node_modules/ajv-keywords/dist/index.js
- /app/frontend/node_modules/schema-utils/dist/validate.js
- /app/frontend/node_modules/schema-utils/dist/index.js
- /app/frontend/node_modules/terser-webpack-plugin/dist/index.js
- /app/frontend/node_modules/react-scripts/config/webpack.config.js
- /app/frontend/node_modules/@craco/craco/dist/lib/cra.js
- /app/frontend/node_modules/@craco/craco/dist/scripts/start.js
    at Function._resolveFilename (node:internal/modules/cjs/loader:1401:15)
    at defaultResolveImpl (node:internal/modules/cjs/loader:1057:19)
    at resolveForCJSWithHooks (node:internal/modules/cjs/loader:1062:22)
    at Function._load (node:internal/modules/cjs/loader:1211:37)
    at TracingChannel.traceSync (node:diagnostics_channel:322:14)
    at wrapModuleLoad (node:internal/modules/cjs/loader:235:24)
    at Module.require (node:internal/modules/cjs/loader:1487:12)
    at require (node:internal/modules/helpers:135:16)
    at Object.<anonymous> (/app/frontend/node_modules/ajv-keywords/dist/definitions/typeof.js:3:19)
    at Module._compile (node:internal/modules/cjs/loader:1730:14) {
  code: 'MODULE_NOT_FOUND',
  requireStack: [
    '/app/frontend/node_modules/ajv-keywords/dist/definitions/typeof.js',
    '/app/frontend/node_modules/ajv-keywords/dist/keywords/typeof.js',
    '/app/frontend/node_modules/ajv-keywords/dist/keywords/index.js',
    '/app/frontend/node_modules/ajv-keywords/dist/index.js',
    '/app/frontend/node_modules/schema-utils/dist/validate.js',
    '/app/frontend/node_modules/schema-utils/dist/index.js',
    '/app/frontend/node_modules/terser-webpack-plugin/dist/index.js',
    '/app/frontend/node_modules/react-scripts/config/webpack.config.js',
    '/app/frontend/node_modules/@craco/craco/dist/lib/cra.js',
    '/app/frontend/node_modules/@craco/craco/dist/scripts/start.js'
  ]
}

Node.js v22.17.1
